<?xml version="1.0" encoding="UTF-8"?>
<!-- Generated by org.testng.reporters.JUnitReportReporter -->
<testsuite hostname="EYALKOPEL-LT" name="com.experitest.auto.AndroidDemoTest" tests="1" failures="0" timestamp="3 Jan 2018 13:12:11 GMT" time="55.316" errors="0">
  <testcase name="test" time="55.316" classname="com.experitest.auto.AndroidDemoTest"/>
</testsuite> <!-- com.experitest.auto.AndroidDemoTest -->
